<?xml version="1.0" encoding="UTF-8"?>
<!-- Generated by org.testng.reporters.JUnitReportReporter -->
<testsuite skipped="0" hostname="DESKTOP-C1SS90L" name="com.testNG.DependsOnMethods" tests="3" failures="0" timestamp="2022-03-31T22:06:30 IST" time="0.030" errors="0">
  <testcase name="laptopoffer" time="0.010" classname="com.testNG.DependsOnMethods"/>
  <system-out/>
  <testcase name="mobileoffer" time="0.020" classname="com.testNG.DependsOnMethods"/>
  <system-out/>
  <testcase name="aadioffer" time="0.000" classname="com.testNG.DependsOnMethods"/>
  <system-out/>
</testsuite> <!-- com.testNG.DependsOnMethods -->
