<?xml version="1.0" encoding="UTF-8"?>
<!-- Generated by org.testng.reporters.JUnitReportReporter -->
<testsuite skipped="0" hostname="DESKTOP-C1SS90L" name="com.testNG.TimeOut" tests="1" failures="0" timestamp="2022-04-06T10:26:12 IST" time="4.052" errors="0">
  <testcase name="credentials" time="4.052" classname="com.testNG.TimeOut"/>
  <system-out/>
</testsuite> <!-- com.testNG.TimeOut -->
