<?xml version="1.0" encoding="UTF-8"?>
<!-- Generated by org.testng.reporters.JUnitReportReporter -->
<testsuite skipped="1" hostname="DESKTOP-C1SS90L" name="com.testNG_Project.Ignore_Prgm" tests="3" failures="0" timestamp="2022-04-06T16:45:21 IST" time="26.203" errors="0">
  <testcase name="flipkart" time="16.465" classname="com.testNG_Project.Ignore_Prgm"/>
  <system-out/>
  <testcase name="Logindetails" time="9.738" classname="com.testNG_Project.Ignore_Prgm"/>
  <system-out/>
  <testcase name="zomato" classname="com.testNG_Project.Ignore_Prgm">
    <skipped/>
  </testcase> <!-- zomato -->
  <system-out/>
</testsuite> <!-- com.testNG_Project.Ignore_Prgm -->
