<?xml version="1.0" encoding="UTF-8"?>
<!-- Generated by org.testng.reporters.JUnitReportReporter -->
<testsuite skipped="0" hostname="DESKTOP-C1SS90L" name="com.testNG_Project.Groups" tests="12" failures="0" timestamp="2022-04-06T17:03:40 IST" time="0.081" errors="0">
  <testcase name="mobiles" time="0.000" classname="com.testNG_Project.Groups"/>
  <system-out/>
  <testcase name="carromboard" time="0.030" classname="com.testNG_Project.Groups"/>
  <system-out/>
  <testcase name="washingmachine" time="0.000" classname="com.testNG_Project.Groups"/>
  <system-out/>
  <testcase name="tamilbook" time="0.000" classname="com.testNG_Project.Groups"/>
  <system-out/>
  <testcase name="facebook" time="0.010" classname="com.testNG_Project.Groups"/>
  <system-out/>
  <testcase name="sharechat" time="0.000" classname="com.testNG_Project.Groups"/>
  <system-out/>
  <testcase name="cricket" time="0.010" classname="com.testNG_Project.Groups"/>
  <system-out/>
  <testcase name="instagram" time="0.000" classname="com.testNG_Project.Groups"/>
  <system-out/>
  <testcase name="chess" time="0.011" classname="com.testNG_Project.Groups"/>
  <system-out/>
  <testcase name="mathsbook" time="0.000" classname="com.testNG_Project.Groups"/>
  <system-out/>
  <testcase name="television" time="0.010" classname="com.testNG_Project.Groups"/>
  <system-out/>
  <testcase name="englishbook" time="0.010" classname="com.testNG_Project.Groups"/>
  <system-out/>
</testsuite> <!-- com.testNG_Project.Groups -->
