<?xml version="1.0" encoding="UTF-8"?>
<!-- Generated by org.testng.reporters.JUnitReportReporter -->
<testsuite skipped="0" hostname="DESKTOP-C1SS90L" name="com.testNG_Project.Simple_Annotation" tests="1" failures="0" timestamp="2022-04-06T16:56:21 IST" time="12.515" errors="0">
  <testcase name="Logindetails" time="12.515" classname="com.testNG_Project.Simple_Annotation"/>
  <system-out/>
</testsuite> <!-- com.testNG_Project.Simple_Annotation -->
