<?xml version="1.0" encoding="UTF-8"?>
<!-- Generated by org.testng.reporters.JUnitReportReporter -->
<testsuite skipped="0" hostname="DESKTOP-C1SS90L" name="com.testNG_Project.My_Test" tests="1" failures="0" timestamp="2022-04-06T16:58:47 IST" time="0.050" errors="0">
  <testcase name="Username" time="0.050" classname="com.testNG_Project.My_Test"/>
  <system-out/>
</testsuite> <!-- com.testNG_Project.My_Test -->
