<?xml version="1.0" encoding="UTF-8"?>
<!-- Generated by org.testng.reporters.JUnitReportReporter -->
<testsuite skipped="0" hostname="DESKTOP-C1SS90L" name="com.testNG_Project.Dependency" tests="3" failures="0" timestamp="2022-04-06T16:47:58 IST" time="0.030" errors="0">
  <testcase name="tutionfees" time="0.010" classname="com.testNG_Project.Dependency"/>
  <system-out/>
  <testcase name="schoolfees" time="0.000" classname="com.testNG_Project.Dependency"/>
  <system-out/>
  <testcase name="schoolfees1" time="0.020" classname="com.testNG_Project.Dependency"/>
  <system-out/>
</testsuite> <!-- com.testNG_Project.Dependency -->
