<?xml version="1.0" encoding="UTF-8"?>
<!-- Generated by org.testng.reporters.JUnitReportReporter -->
<testsuite skipped="1" hostname="DESKTOP-C1SS90L" name="com.testNG.Simple_Annotation" tests="5" failures="0" timestamp="2022-04-05T15:29:38 IST" time="0.050" errors="0">
  <testcase name="amazon" time="0.020" classname="com.testNG.Simple_Annotation"/>
  <system-out/>
  <testcase name="flipkart" time="0.010" classname="com.testNG.Simple_Annotation"/>
  <system-out/>
  <testcase name="flipkart" time="0.010" classname="com.testNG.Simple_Annotation"/>
  <system-out/>
  <testcase name="flipkart" time="0.010" classname="com.testNG.Simple_Annotation"/>
  <system-out/>
  <testcase name="zomato" classname="com.testNG.Simple_Annotation">
    <skipped/>
  </testcase> <!-- zomato -->
  <system-out/>
</testsuite> <!-- com.testNG.Simple_Annotation -->
