<?xml version="1.0" encoding="UTF-8"?>
<!-- Generated by org.testng.reporters.JUnitReportReporter -->
<testsuite skipped="0" hostname="DESKTOP-C1SS90L" name="com.testNG_Project.Data_Provider" tests="3" failures="0" timestamp="2022-04-06T17:16:03 IST" time="103.464" errors="0">
  <testcase name="credential" time="29.248" classname="com.testNG_Project.Data_Provider"/>
  <system-out/>
  <testcase name="credential" time="39.932" classname="com.testNG_Project.Data_Provider"/>
  <system-out/>
  <testcase name="credential" time="34.284" classname="com.testNG_Project.Data_Provider"/>
  <system-out/>
</testsuite> <!-- com.testNG_Project.Data_Provider -->
