<?xml version="1.0" encoding="UTF-8"?>
<!-- Generated by org.testng.reporters.JUnitReportReporter -->
<testsuite skipped="0" hostname="DESKTOP-C1SS90L" name="com.testNG.Groups_Prgm" tests="6" failures="0" timestamp="2022-04-01T00:03:52 IST" time="0.050" errors="0">
  <testcase name="chess" time="0.010" classname="com.testNG.Groups_Prgm"/>
  <system-out/>
  <testcase name="englishbook" time="0.000" classname="com.testNG.Groups_Prgm"/>
  <system-out/>
  <testcase name="tamilbook" time="0.000" classname="com.testNG.Groups_Prgm"/>
  <system-out/>
  <testcase name="mathsbook" time="0.010" classname="com.testNG.Groups_Prgm"/>
  <system-out/>
  <testcase name="carromboard" time="0.020" classname="com.testNG.Groups_Prgm"/>
  <system-out/>
  <testcase name="cricket" time="0.010" classname="com.testNG.Groups_Prgm"/>
  <system-out/>
</testsuite> <!-- com.testNG.Groups_Prgm -->
