<?xml version="1.0" encoding="UTF-8"?>
<!-- Generated by org.testng.reporters.JUnitReportReporter -->
<testsuite skipped="0" hostname="DESKTOP-C1SS90L" name="com.testNG_Project.InvocationCount_and_Priority" tests="5" failures="0" timestamp="2022-04-06T16:43:40 IST" time="128.748" errors="0">
  <testcase name="Logindetails" time="8.372" classname="com.testNG_Project.InvocationCount_and_Priority"/>
  <system-out/>
  <testcase name="Amazon" time="38.040" classname="com.testNG_Project.InvocationCount_and_Priority"/>
  <system-out/>
  <testcase name="flipkart" time="50.080" classname="com.testNG_Project.InvocationCount_and_Priority"/>
  <system-out/>
  <testcase name="Amazon" time="18.657" classname="com.testNG_Project.InvocationCount_and_Priority"/>
  <system-out/>
  <testcase name="flipkart" time="13.599" classname="com.testNG_Project.InvocationCount_and_Priority"/>
  <system-out/>
</testsuite> <!-- com.testNG_Project.InvocationCount_and_Priority -->
