<?xml version="1.0" encoding="UTF-8"?>
<!-- Generated by org.testng.reporters.JUnitReportReporter -->
<testsuite skipped="0" hostname="DESKTOP-C1SS90L" name="com.testNG_Project.ParallelTest" tests="2" failures="0" timestamp="2022-04-06T16:52:44 IST" time="44.826" errors="0">
  <testcase name="facebook" time="20.540" classname="com.testNG_Project.ParallelTest"/>
  <system-out/>
  <testcase name="Instagram" time="24.286" classname="com.testNG_Project.ParallelTest"/>
  <system-out/>
</testsuite> <!-- com.testNG_Project.ParallelTest -->
