<?xml version="1.0" encoding="UTF-8"?>
<!-- Generated by org.testng.reporters.JUnitReportReporter -->
<testsuite skipped="0" hostname="DESKTOP-C1SS90L" name="com.testNG_Project.TimeOut" tests="1" failures="0" timestamp="2022-04-06T16:49:11 IST" time="4.100" errors="0">
  <testcase name="credentials" time="4.100" classname="com.testNG_Project.TimeOut"/>
  <system-out/>
</testsuite> <!-- com.testNG_Project.TimeOut -->
